running egg_info
creating build/cdrr_adaptive_ros2/cdrr_adaptive_ros2.egg-info
writing build/cdrr_adaptive_ros2/cdrr_adaptive_ros2.egg-info/PKG-INFO
writing dependency_links to build/cdrr_adaptive_ros2/cdrr_adaptive_ros2.egg-info/dependency_links.txt
writing entry points to build/cdrr_adaptive_ros2/cdrr_adaptive_ros2.egg-info/entry_points.txt
writing requirements to build/cdrr_adaptive_ros2/cdrr_adaptive_ros2.egg-info/requires.txt
writing top-level names to build/cdrr_adaptive_ros2/cdrr_adaptive_ros2.egg-info/top_level.txt
writing manifest file 'build/cdrr_adaptive_ros2/cdrr_adaptive_ros2.egg-info/SOURCES.txt'
reading manifest file 'build/cdrr_adaptive_ros2/cdrr_adaptive_ros2.egg-info/SOURCES.txt'
writing manifest file 'build/cdrr_adaptive_ros2/cdrr_adaptive_ros2.egg-info/SOURCES.txt'
running build
running build_py
creating /home/awear/ros2_ws/src/cdrr_adaptive_ros2/build/cdrr_adaptive_ros2/build
creating /home/awear/ros2_ws/src/cdrr_adaptive_ros2/build/cdrr_adaptive_ros2/build/lib
creating /home/awear/ros2_ws/src/cdrr_adaptive_ros2/build/cdrr_adaptive_ros2/build/lib/cdrr_adaptive_ros2
copying cdrr_adaptive_ros2/simulation_env.py -> /home/awear/ros2_ws/src/cdrr_adaptive_ros2/build/cdrr_adaptive_ros2/build/lib/cdrr_adaptive_ros2
copying cdrr_adaptive_ros2/adaptive_learning.py -> /home/awear/ros2_ws/src/cdrr_adaptive_ros2/build/cdrr_adaptive_ros2/build/lib/cdrr_adaptive_ros2
copying cdrr_adaptive_ros2/__init__.py -> /home/awear/ros2_ws/src/cdrr_adaptive_ros2/build/cdrr_adaptive_ros2/build/lib/cdrr_adaptive_ros2
running install
running install_lib
creating /home/awear/ros2_ws/src/cdrr_adaptive_ros2/install/cdrr_adaptive_ros2/lib/python3.10/site-packages/cdrr_adaptive_ros2
copying /home/awear/ros2_ws/src/cdrr_adaptive_ros2/build/cdrr_adaptive_ros2/build/lib/cdrr_adaptive_ros2/simulation_env.py -> /home/awear/ros2_ws/src/cdrr_adaptive_ros2/install/cdrr_adaptive_ros2/lib/python3.10/site-packages/cdrr_adaptive_ros2
copying /home/awear/ros2_ws/src/cdrr_adaptive_ros2/build/cdrr_adaptive_ros2/build/lib/cdrr_adaptive_ros2/adaptive_learning.py -> /home/awear/ros2_ws/src/cdrr_adaptive_ros2/install/cdrr_adaptive_ros2/lib/python3.10/site-packages/cdrr_adaptive_ros2
copying /home/awear/ros2_ws/src/cdrr_adaptive_ros2/build/cdrr_adaptive_ros2/build/lib/cdrr_adaptive_ros2/__init__.py -> /home/awear/ros2_ws/src/cdrr_adaptive_ros2/install/cdrr_adaptive_ros2/lib/python3.10/site-packages/cdrr_adaptive_ros2
byte-compiling /home/awear/ros2_ws/src/cdrr_adaptive_ros2/install/cdrr_adaptive_ros2/lib/python3.10/site-packages/cdrr_adaptive_ros2/simulation_env.py to simulation_env.cpython-310.pyc
byte-compiling /home/awear/ros2_ws/src/cdrr_adaptive_ros2/install/cdrr_adaptive_ros2/lib/python3.10/site-packages/cdrr_adaptive_ros2/adaptive_learning.py to adaptive_learning.cpython-310.pyc
byte-compiling /home/awear/ros2_ws/src/cdrr_adaptive_ros2/install/cdrr_adaptive_ros2/lib/python3.10/site-packages/cdrr_adaptive_ros2/__init__.py to __init__.cpython-310.pyc
running install_data
creating /home/awear/ros2_ws/src/cdrr_adaptive_ros2/install/cdrr_adaptive_ros2/share/ament_index
creating /home/awear/ros2_ws/src/cdrr_adaptive_ros2/install/cdrr_adaptive_ros2/share/ament_index/resource_index
creating /home/awear/ros2_ws/src/cdrr_adaptive_ros2/install/cdrr_adaptive_ros2/share/ament_index/resource_index/packages
copying resource/cdrr_adaptive_ros2 -> /home/awear/ros2_ws/src/cdrr_adaptive_ros2/install/cdrr_adaptive_ros2/share/ament_index/resource_index/packages
copying package.xml -> /home/awear/ros2_ws/src/cdrr_adaptive_ros2/install/cdrr_adaptive_ros2/share/cdrr_adaptive_ros2
running install_egg_info
Copying build/cdrr_adaptive_ros2/cdrr_adaptive_ros2.egg-info to /home/awear/ros2_ws/src/cdrr_adaptive_ros2/install/cdrr_adaptive_ros2/lib/python3.10/site-packages/cdrr_adaptive_ros2-0.0.0-py3.10.egg-info
running install_scripts
writing list of installed files to '/home/awear/ros2_ws/src/cdrr_adaptive_ros2/build/cdrr_adaptive_ros2/install.log'
