[0.201s] DEBUG:colcon:Command line arguments: ['/usr/bin/colcon', 'build']
[0.201s] DEBUG:colcon:Parsed command line arguments: Namespace(log_base=None, log_level=None, verb_name='build', build_base='build', install_base='install', merge_install=False, symlink_install=False, test_result_base=None, continue_on_error=False, executor='parallel', parallel_workers=32, event_handlers=None, ignore_user_meta=False, metas=['./colcon.meta'], base_paths=['.'], packages_ignore=None, packages_ignore_regex=None, paths=None, packages_up_to=None, packages_up_to_regex=None, packages_above=None, packages_above_and_dependencies=None, packages_above_depth=None, packages_select_by_dep=None, packages_skip_by_dep=None, packages_skip_up_to=None, packages_select_build_failed=False, packages_skip_build_finished=False, packages_select_test_failures=False, packages_skip_test_passed=False, packages_select=None, packages_skip=None, packages_select_regex=None, packages_skip_regex=None, packages_start=None, packages_end=None, allow_overriding=[], cmake_args=None, cmake_target=None, cmake_target_skip_unavailable=False, cmake_clean_cache=False, cmake_clean_first=False, cmake_force_configure=False, ament_cmake_args=None, catkin_cmake_args=None, catkin_skip_building_tests=False, mixin_files=None, mixin=None, verb_parser=<colcon_mixin.mixin.mixin_argument.MixinArgumentDecorator object at 0x7feab6c0eda0>, verb_extension=<colcon_core.verb.build.BuildVerb object at 0x7feab6bcc280>, main=<bound method BuildVerb.main of <colcon_core.verb.build.BuildVerb object at 0x7feab6bcc280>>, mixin_verb=('build',))
[0.452s] Level 1:colcon.colcon_core.package_discovery:discover_packages(colcon_meta) check parameters
[0.452s] Level 1:colcon.colcon_core.package_discovery:discover_packages(recursive) check parameters
[0.452s] Level 1:colcon.colcon_core.package_discovery:discover_packages(ignore) check parameters
[0.452s] Level 1:colcon.colcon_core.package_discovery:discover_packages(path) check parameters
[0.452s] Level 1:colcon.colcon_core.package_discovery:discover_packages(colcon_meta) discover
[0.452s] Level 1:colcon.colcon_core.package_discovery:discover_packages(recursive) discover
[0.452s] INFO:colcon.colcon_core.package_discovery:Crawling recursively for packages in '/home/awear/ros2_ws/src/cdrr_adaptive_ros2'
[0.452s] Level 1:colcon.colcon_core.package_identification:_identify(.) by extensions ['ignore', 'ignore_ament_install']
[0.452s] Level 1:colcon.colcon_core.package_identification:_identify(.) by extension 'ignore'
[0.452s] Level 1:colcon.colcon_core.package_identification:_identify(.) by extension 'ignore_ament_install'
[0.452s] Level 1:colcon.colcon_core.package_identification:_identify(.) by extensions ['colcon_pkg']
[0.452s] Level 1:colcon.colcon_core.package_identification:_identify(.) by extension 'colcon_pkg'
[0.452s] Level 1:colcon.colcon_core.package_identification:_identify(.) by extensions ['colcon_meta']
[0.452s] Level 1:colcon.colcon_core.package_identification:_identify(.) by extension 'colcon_meta'
[0.452s] Level 1:colcon.colcon_core.package_identification:_identify(.) by extensions ['ros']
[0.452s] Level 1:colcon.colcon_core.package_identification:_identify(.) by extension 'ros'
[0.464s] DEBUG:colcon.colcon_core.package_identification:Package '.' with type 'ros.ament_python' and name 'cdrr_adaptive_ros2'
[0.464s] Level 1:colcon.colcon_core.package_discovery:discover_packages(recursive) using defaults
[0.464s] Level 1:colcon.colcon_core.package_discovery:discover_packages(ignore) discover
[0.464s] Level 1:colcon.colcon_core.package_discovery:discover_packages(ignore) using defaults
[0.464s] Level 1:colcon.colcon_core.package_discovery:discover_packages(path) discover
[0.464s] Level 1:colcon.colcon_core.package_discovery:discover_packages(path) using defaults
[0.493s] Level 1:colcon.colcon_core.package_discovery:discover_packages(prefix_path) check parameters
[0.493s] Level 1:colcon.colcon_core.package_discovery:discover_packages(prefix_path) discover
[0.495s] WARNING:colcon.colcon_ros.prefix_path.ament:The path '/home/awear/ros2_ws/install/impedance_control' in the environment variable AMENT_PREFIX_PATH doesn't exist
[0.495s] WARNING:colcon.colcon_ros.prefix_path.catkin:The path '/home/awear/ros2_ws/install/impedance_control' in the environment variable CMAKE_PREFIX_PATH doesn't exist
[0.496s] DEBUG:colcon.colcon_installed_package_information.package_discovery:Found 7 installed packages in /home/awear/ros2_ws/install
[0.496s] DEBUG:colcon.colcon_installed_package_information.package_discovery:Found 1 installed packages in /home/awear/ros2_ws/src/rehab_robot_bayes_ros2/install
[0.498s] DEBUG:colcon.colcon_installed_package_information.package_discovery:Found 270 installed packages in /opt/ros/humble
[0.498s] Level 1:colcon.colcon_core.package_discovery:discover_packages(prefix_path) using defaults
[0.560s] Level 5:colcon.colcon_core.verb:set package 'cdrr_adaptive_ros2' build argument 'cmake_args' from command line to 'None'
[0.560s] Level 5:colcon.colcon_core.verb:set package 'cdrr_adaptive_ros2' build argument 'cmake_target' from command line to 'None'
[0.560s] Level 5:colcon.colcon_core.verb:set package 'cdrr_adaptive_ros2' build argument 'cmake_target_skip_unavailable' from command line to 'False'
[0.560s] Level 5:colcon.colcon_core.verb:set package 'cdrr_adaptive_ros2' build argument 'cmake_clean_cache' from command line to 'False'
[0.560s] Level 5:colcon.colcon_core.verb:set package 'cdrr_adaptive_ros2' build argument 'cmake_clean_first' from command line to 'False'
[0.560s] Level 5:colcon.colcon_core.verb:set package 'cdrr_adaptive_ros2' build argument 'cmake_force_configure' from command line to 'False'
[0.560s] Level 5:colcon.colcon_core.verb:set package 'cdrr_adaptive_ros2' build argument 'ament_cmake_args' from command line to 'None'
[0.560s] Level 5:colcon.colcon_core.verb:set package 'cdrr_adaptive_ros2' build argument 'catkin_cmake_args' from command line to 'None'
[0.560s] Level 5:colcon.colcon_core.verb:set package 'cdrr_adaptive_ros2' build argument 'catkin_skip_building_tests' from command line to 'False'
[0.561s] DEBUG:colcon.colcon_core.verb:Building package 'cdrr_adaptive_ros2' with the following arguments: {'ament_cmake_args': None, 'build_base': '/home/awear/ros2_ws/src/cdrr_adaptive_ros2/build/cdrr_adaptive_ros2', 'catkin_cmake_args': None, 'catkin_skip_building_tests': False, 'cmake_args': None, 'cmake_clean_cache': False, 'cmake_clean_first': False, 'cmake_force_configure': False, 'cmake_target': None, 'cmake_target_skip_unavailable': False, 'install_base': '/home/awear/ros2_ws/src/cdrr_adaptive_ros2/install/cdrr_adaptive_ros2', 'merge_install': False, 'path': '/home/awear/ros2_ws/src/cdrr_adaptive_ros2', 'symlink_install': False, 'test_result_base': None}
[0.561s] INFO:colcon.colcon_core.executor:Executing jobs using 'parallel' executor
[0.561s] DEBUG:colcon.colcon_parallel_executor.executor.parallel:run_until_complete
[0.562s] INFO:colcon.colcon_ros.task.ament_python.build:Building ROS package in '/home/awear/ros2_ws/src/cdrr_adaptive_ros2' with build type 'ament_python'
[0.562s] Level 1:colcon.colcon_core.shell:create_environment_hook('cdrr_adaptive_ros2', 'ament_prefix_path')
[0.565s] INFO:colcon.colcon_core.plugin_system:Skipping extension 'colcon_core.shell.bat': Not used on non-Windows systems
[0.565s] INFO:colcon.colcon_core.shell:Creating environment hook '/home/awear/ros2_ws/src/cdrr_adaptive_ros2/install/cdrr_adaptive_ros2/share/cdrr_adaptive_ros2/hook/ament_prefix_path.ps1'
[0.567s] INFO:colcon.colcon_core.shell:Creating environment descriptor '/home/awear/ros2_ws/src/cdrr_adaptive_ros2/install/cdrr_adaptive_ros2/share/cdrr_adaptive_ros2/hook/ament_prefix_path.dsv'
[0.567s] INFO:colcon.colcon_core.shell:Creating environment hook '/home/awear/ros2_ws/src/cdrr_adaptive_ros2/install/cdrr_adaptive_ros2/share/cdrr_adaptive_ros2/hook/ament_prefix_path.sh'
[0.568s] INFO:colcon.colcon_core.shell:Skip shell extension 'powershell' for command environment: Not usable outside of PowerShell
[0.568s] DEBUG:colcon.colcon_core.shell:Skip shell extension 'dsv' for command environment
[0.713s] INFO:colcon.colcon_core.task.python.build:Building Python package in '/home/awear/ros2_ws/src/cdrr_adaptive_ros2'
[0.714s] INFO:colcon.colcon_core.shell:Skip shell extension 'powershell' for command environment: Not usable outside of PowerShell
[0.714s] DEBUG:colcon.colcon_core.shell:Skip shell extension 'dsv' for command environment
[1.060s] DEBUG:colcon.colcon_core.event_handler.log_command:Invoking command in '/home/awear/ros2_ws/src/cdrr_adaptive_ros2': PYTHONPATH=/home/awear/ros2_ws/src/cdrr_adaptive_ros2/build/cdrr_adaptive_ros2/prefix_override:/usr/lib/python3/dist-packages/colcon_core/task/python/colcon_distutils_commands:/home/awear/ros2_ws/src/cdrr_adaptive_ros2/install/cdrr_adaptive_ros2/lib/python3.10/site-packages:${PYTHONPATH} /usr/bin/python3 -W ignore:setup.py install is deprecated -W ignore:easy_install command is deprecated setup.py egg_info --egg-base build/cdrr_adaptive_ros2 build --build-base /home/awear/ros2_ws/src/cdrr_adaptive_ros2/build/cdrr_adaptive_ros2/build install --record /home/awear/ros2_ws/src/cdrr_adaptive_ros2/build/cdrr_adaptive_ros2/install.log --single-version-externally-managed install_data
[1.219s] DEBUG:colcon.colcon_core.event_handler.log_command:Invoked command in '/home/awear/ros2_ws/src/cdrr_adaptive_ros2' returned '0': PYTHONPATH=/home/awear/ros2_ws/src/cdrr_adaptive_ros2/build/cdrr_adaptive_ros2/prefix_override:/usr/lib/python3/dist-packages/colcon_core/task/python/colcon_distutils_commands:/home/awear/ros2_ws/src/cdrr_adaptive_ros2/install/cdrr_adaptive_ros2/lib/python3.10/site-packages:${PYTHONPATH} /usr/bin/python3 -W ignore:setup.py install is deprecated -W ignore:easy_install command is deprecated setup.py egg_info --egg-base build/cdrr_adaptive_ros2 build --build-base /home/awear/ros2_ws/src/cdrr_adaptive_ros2/build/cdrr_adaptive_ros2/build install --record /home/awear/ros2_ws/src/cdrr_adaptive_ros2/build/cdrr_adaptive_ros2/install.log --single-version-externally-managed install_data
[1.224s] Level 1:colcon.colcon_core.environment:checking '/home/awear/ros2_ws/src/cdrr_adaptive_ros2/install/cdrr_adaptive_ros2' for CMake module files
[1.224s] Level 1:colcon.colcon_core.environment:checking '/home/awear/ros2_ws/src/cdrr_adaptive_ros2/install/cdrr_adaptive_ros2' for CMake config files
[1.224s] Level 1:colcon.colcon_core.environment:checking '/home/awear/ros2_ws/src/cdrr_adaptive_ros2/install/cdrr_adaptive_ros2/lib'
[1.224s] Level 1:colcon.colcon_core.environment:checking '/home/awear/ros2_ws/src/cdrr_adaptive_ros2/install/cdrr_adaptive_ros2/bin'
[1.224s] Level 1:colcon.colcon_core.environment:checking '/home/awear/ros2_ws/src/cdrr_adaptive_ros2/install/cdrr_adaptive_ros2/lib/pkgconfig/cdrr_adaptive_ros2.pc'
[1.225s] Level 1:colcon.colcon_core.environment:checking '/home/awear/ros2_ws/src/cdrr_adaptive_ros2/install/cdrr_adaptive_ros2/lib/python3.10/site-packages'
[1.225s] Level 1:colcon.colcon_core.shell:create_environment_hook('cdrr_adaptive_ros2', 'pythonpath')
[1.225s] INFO:colcon.colcon_core.shell:Creating environment hook '/home/awear/ros2_ws/src/cdrr_adaptive_ros2/install/cdrr_adaptive_ros2/share/cdrr_adaptive_ros2/hook/pythonpath.ps1'
[1.225s] INFO:colcon.colcon_core.shell:Creating environment descriptor '/home/awear/ros2_ws/src/cdrr_adaptive_ros2/install/cdrr_adaptive_ros2/share/cdrr_adaptive_ros2/hook/pythonpath.dsv'
[1.225s] INFO:colcon.colcon_core.shell:Creating environment hook '/home/awear/ros2_ws/src/cdrr_adaptive_ros2/install/cdrr_adaptive_ros2/share/cdrr_adaptive_ros2/hook/pythonpath.sh'
[1.226s] Level 1:colcon.colcon_core.environment:checking '/home/awear/ros2_ws/src/cdrr_adaptive_ros2/install/cdrr_adaptive_ros2/bin'
[1.226s] Level 1:colcon.colcon_core.environment:create_environment_scripts_only(cdrr_adaptive_ros2)
[1.226s] INFO:colcon.colcon_core.shell:Creating package script '/home/awear/ros2_ws/src/cdrr_adaptive_ros2/install/cdrr_adaptive_ros2/share/cdrr_adaptive_ros2/package.ps1'
[1.226s] INFO:colcon.colcon_core.shell:Creating package descriptor '/home/awear/ros2_ws/src/cdrr_adaptive_ros2/install/cdrr_adaptive_ros2/share/cdrr_adaptive_ros2/package.dsv'
[1.227s] INFO:colcon.colcon_core.shell:Creating package script '/home/awear/ros2_ws/src/cdrr_adaptive_ros2/install/cdrr_adaptive_ros2/share/cdrr_adaptive_ros2/package.sh'
[1.227s] INFO:colcon.colcon_core.shell:Creating package script '/home/awear/ros2_ws/src/cdrr_adaptive_ros2/install/cdrr_adaptive_ros2/share/cdrr_adaptive_ros2/package.bash'
[1.228s] INFO:colcon.colcon_core.shell:Creating package script '/home/awear/ros2_ws/src/cdrr_adaptive_ros2/install/cdrr_adaptive_ros2/share/cdrr_adaptive_ros2/package.zsh'
[1.229s] Level 1:colcon.colcon_core.environment:create_file_with_runtime_dependencies(/home/awear/ros2_ws/src/cdrr_adaptive_ros2/install/cdrr_adaptive_ros2/share/colcon-core/packages/cdrr_adaptive_ros2)
[1.229s] DEBUG:colcon.colcon_parallel_executor.executor.parallel:closing loop
[1.230s] DEBUG:colcon.colcon_parallel_executor.executor.parallel:loop closed
[1.230s] DEBUG:colcon.colcon_parallel_executor.executor.parallel:run_until_complete finished with '0'
[1.230s] DEBUG:colcon.colcon_core.event_reactor:joining thread
[1.277s] INFO:colcon.colcon_core.plugin_system:Skipping extension 'colcon_notification.desktop_notification.notify_send': Could not find 'notify-send'
[1.277s] INFO:colcon.colcon_core.plugin_system:Skipping extension 'colcon_notification.desktop_notification.terminal_notifier': Not used on non-Darwin systems
[1.277s] INFO:colcon.colcon_core.plugin_system:Skipping extension 'colcon_notification.desktop_notification.win32': Not used on non-Windows systems
[1.277s] INFO:colcon.colcon_notification.desktop_notification:Sending desktop notification using 'notify2'
[1.278s] DEBUG:colcon.colcon_notification.desktop_notification.notify2:Failed to initialize notify2: org.freedesktop.DBus.Error.ServiceUnknown: The name org.freedesktop.Notifications was not provided by any .service files
[1.278s] DEBUG:colcon.colcon_core.event_reactor:joined thread
[1.279s] INFO:colcon.colcon_core.shell:Creating prefix script '/home/awear/ros2_ws/src/cdrr_adaptive_ros2/install/local_setup.ps1'
[1.279s] INFO:colcon.colcon_core.shell:Creating prefix util module '/home/awear/ros2_ws/src/cdrr_adaptive_ros2/install/_local_setup_util_ps1.py'
[1.280s] INFO:colcon.colcon_core.shell:Creating prefix chain script '/home/awear/ros2_ws/src/cdrr_adaptive_ros2/install/setup.ps1'
[1.281s] INFO:colcon.colcon_core.shell:Creating prefix script '/home/awear/ros2_ws/src/cdrr_adaptive_ros2/install/local_setup.sh'
[1.282s] INFO:colcon.colcon_core.shell:Creating prefix util module '/home/awear/ros2_ws/src/cdrr_adaptive_ros2/install/_local_setup_util_sh.py'
[1.282s] INFO:colcon.colcon_core.shell:Creating prefix chain script '/home/awear/ros2_ws/src/cdrr_adaptive_ros2/install/setup.sh'
[1.283s] INFO:colcon.colcon_core.shell:Creating prefix script '/home/awear/ros2_ws/src/cdrr_adaptive_ros2/install/local_setup.bash'
[1.283s] INFO:colcon.colcon_core.shell:Creating prefix chain script '/home/awear/ros2_ws/src/cdrr_adaptive_ros2/install/setup.bash'
[1.284s] INFO:colcon.colcon_core.shell:Creating prefix script '/home/awear/ros2_ws/src/cdrr_adaptive_ros2/install/local_setup.zsh'
[1.285s] INFO:colcon.colcon_core.shell:Creating prefix chain script '/home/awear/ros2_ws/src/cdrr_adaptive_ros2/install/setup.zsh'
